<?xml version="1.0" encoding="UTF-8"?>
<testsuite name="com.SurveyApp.claimRewardTest.integration.ClaimRewardServiceTest" tests="2" skipped="0" failures="0" errors="0" timestamp="2026-03-14T21:04:43.475Z" hostname="fellpsnator" time="1.169">
  <properties/>
  <testcase name="getTransactionByIdInDataBase()" classname="com.SurveyApp.claimRewardTest.integration.ClaimRewardServiceTest" time="0.046"/>
  <testcase name="expectedIllegalArgumentExceptionTest()" classname="com.SurveyApp.claimRewardTest.integration.ClaimRewardServiceTest" time="0.014"/>
  <system-out><![CDATA[2026-03-14T22:04:43.479+01:00  INFO 185110 --- [SurveyApp] [    Test worker] t.c.s.AnnotationConfigContextLoaderUtils : Could not detect default configuration classes for test class [com.SurveyApp.claimRewardTest.integration.ClaimRewardServiceTest]: ClaimRewardServiceTest does not declare any static, non-private, non-final, nested classes annotated with @Configuration.
2026-03-14T22:04:43.482+01:00  INFO 185110 --- [SurveyApp] [    Test worker] .b.t.c.SpringBootTestContextBootstrapper : Found @SpringBootConfiguration com.SurveyApp.SurveyAppApplication for test class com.SurveyApp.claimRewardTest.integration.ClaimRewardServiceTest

  .   ____          _            __ _ _
 /\\ / ___'_ __ _ _(_)_ __  __ _ \ \ \ \
( ( )\___ | '_ | '_| | '_ \/ _` | \ \ \ \
 \\/  ___)| |_)| | | | | || (_| |  ) ) ) )
  '  |____| .__|_| |_|_| |_\__, | / / / /
 =========|_|==============|___/=/_/_/_/

 :: Spring Boot ::                (v4.0.2)

2026-03-14T22:04:43.505+01:00  INFO 185110 --- [SurveyApp] [    Test worker] c.S.c.i.ClaimRewardServiceTest           : Starting ClaimRewardServiceTest using Java 17.0.18 with PID 185110 (started by fellps in /home/fellps/Documents/dev/ProjetEnquete/Project/SurveyAppBackend)
2026-03-14T22:04:43.506+01:00  INFO 185110 --- [SurveyApp] [    Test worker] c.S.c.i.ClaimRewardServiceTest           : No active profile set, falling back to 1 default profile: "default"
2026-03-14T22:04:43.609+01:00  INFO 185110 --- [SurveyApp] [    Test worker] .s.d.r.c.RepositoryConfigurationDelegate : Bootstrapping Spring Data JPA repositories in DEFAULT mode.
2026-03-14T22:04:43.616+01:00  INFO 185110 --- [SurveyApp] [    Test worker] .s.d.r.c.RepositoryConfigurationDelegate : Finished Spring Data repository scanning in 5 ms. Found 1 JPA repository interface.
2026-03-14T22:04:44.072+01:00  INFO 185110 --- [SurveyApp] [    Test worker] org.hibernate.orm.jpa                    : HHH008540: Processing PersistenceUnitInfo [name: default]
2026-03-14T22:04:44.116+01:00  INFO 185110 --- [SurveyApp] [    Test worker] o.s.o.j.p.SpringPersistenceUnitInfo      : No LoadTimeWeaver setup: ignoring JPA class transformer
2026-03-14T22:04:44.117+01:00  INFO 185110 --- [SurveyApp] [    Test worker] com.zaxxer.hikari.HikariDataSource       : HikariPool-2 - Starting...
2026-03-14T22:04:44.121+01:00  INFO 185110 --- [SurveyApp] [    Test worker] com.zaxxer.hikari.pool.HikariPool        : HikariPool-2 - Added connection org.mariadb.jdbc.Connection@3f30c9cf
2026-03-14T22:04:44.121+01:00  INFO 185110 --- [SurveyApp] [    Test worker] com.zaxxer.hikari.HikariDataSource       : HikariPool-2 - Start completed.
2026-03-14T22:04:44.126+01:00  INFO 185110 --- [SurveyApp] [    Test worker] org.hibernate.orm.connections.pooling    : HHH10001005: Database info:
	Database JDBC URL [jdbc:mariadb://localhost/springCC?user=foo3&password=***]
	Database driver: MariaDB Connector/J
	Database dialect: MariaDBDialect
	Database version: 12.2.2
	Default catalog/schema: springCC/undefined
	Autocommit mode: undefined/unknown
	Isolation level: REPEATABLE_READ [default REPEATABLE_READ]
	JDBC fetch size: none
	Pool: DataSourceConnectionProvider
	Minimum pool size: undefined/unknown
	Maximum pool size: undefined/unknown
2026-03-14T22:04:44.208+01:00  INFO 185110 --- [SurveyApp] [    Test worker] org.hibernate.orm.core                   : HHH000182: No default (no-argument) constructor for class [com.SurveyApp.transactionsManager.commum.model.AppTransaction] (class must be instantiated by Interceptor)
2026-03-14T22:04:44.211+01:00  INFO 185110 --- [SurveyApp] [    Test worker] org.hibernate.orm.core                   : HHH000182: No default (no-argument) constructor for class [com.SurveyApp.userProfile.model.Account] (class must be instantiated by Interceptor)
2026-03-14T22:04:44.213+01:00  INFO 185110 --- [SurveyApp] [    Test worker] org.hibernate.orm.core                   : HHH000182: No default (no-argument) constructor for class [com.SurveyApp.userProfile.model.User] (class must be instantiated by Interceptor)
2026-03-14T22:04:44.220+01:00  INFO 185110 --- [SurveyApp] [    Test worker] org.hibernate.orm.core                   : HHH000489: No JTA platform available (set 'hibernate.transaction.jta.platform' to enable JTA platform integration)
2026-03-14T22:04:44.237+01:00  INFO 185110 --- [SurveyApp] [    Test worker] j.LocalContainerEntityManagerFactoryBean : Initialized JPA EntityManagerFactory for persistence unit 'default'
2026-03-14T22:04:44.292+01:00  WARN 185110 --- [SurveyApp] [    Test worker] JpaBaseConfiguration$JpaWebConfiguration : spring.jpa.open-in-view is enabled by default. Therefore, database queries may be performed during view rendering. Explicitly configure spring.jpa.open-in-view to disable this warning
2026-03-14T22:04:44.569+01:00  INFO 185110 --- [SurveyApp] [    Test worker] c.S.c.i.ClaimRewardServiceTest           : Started ClaimRewardServiceTest in 1.082 seconds (process running for 7.16)
]]></system-out>
  <system-err><![CDATA[]]></system-err>
</testsuite>
