<?xml version="1.0" encoding="UTF-8"?>
<testsuite name="com.SurveyApp.SurveyAppApplicationTests" tests="1" skipped="0" failures="0" errors="0" timestamp="2026-03-14T21:04:38.175Z" hostname="fellpsnator" time="4.423">
  <properties/>
  <testcase name="contextLoads()" classname="com.SurveyApp.SurveyAppApplicationTests" time="0.384"/>
  <system-out><![CDATA[22:04:38.390 [Test worker] INFO org.springframework.test.context.support.AnnotationConfigContextLoaderUtils -- Could not detect default configuration classes for test class [com.SurveyApp.SurveyAppApplicationTests]: SurveyAppApplicationTests does not declare any static, non-private, non-final, nested classes annotated with @Configuration.
22:04:38.470 [Test worker] INFO org.springframework.boot.test.context.SpringBootTestContextBootstrapper -- Found @SpringBootConfiguration com.SurveyApp.SurveyAppApplication for test class com.SurveyApp.SurveyAppApplicationTests

  .   ____          _            __ _ _
 /\\ / ___'_ __ _ _(_)_ __  __ _ \ \ \ \
( ( )\___ | '_ | '_| | '_ \/ _` | \ \ \ \
 \\/  ___)| |_)| | | | | || (_| |  ) ) ) )
  '  |____| .__|_| |_|_| |_\__, | / / / /
 =========|_|==============|___/=/_/_/_/

 :: Spring Boot ::                (v4.0.2)

2026-03-14T22:04:38.881+01:00  INFO 185110 --- [SurveyApp] [    Test worker] c.SurveyApp.SurveyAppApplicationTests    : Starting SurveyAppApplicationTests using Java 17.0.18 with PID 185110 (started by fellps in /home/fellps/Documents/dev/ProjetEnquete/Project/SurveyAppBackend)
2026-03-14T22:04:38.883+01:00  INFO 185110 --- [SurveyApp] [    Test worker] c.SurveyApp.SurveyAppApplicationTests    : No active profile set, falling back to 1 default profile: "default"
2026-03-14T22:04:39.405+01:00  INFO 185110 --- [SurveyApp] [    Test worker] .s.d.r.c.RepositoryConfigurationDelegate : Bootstrapping Spring Data JPA repositories in DEFAULT mode.
2026-03-14T22:04:39.447+01:00  INFO 185110 --- [SurveyApp] [    Test worker] .s.d.r.c.RepositoryConfigurationDelegate : Finished Spring Data repository scanning in 34 ms. Found 1 JPA repository interface.
2026-03-14T22:04:39.834+01:00  INFO 185110 --- [SurveyApp] [    Test worker] org.hibernate.orm.jpa                    : HHH008540: Processing PersistenceUnitInfo [name: default]
2026-03-14T22:04:39.885+01:00  INFO 185110 --- [SurveyApp] [    Test worker] org.hibernate.orm.core                   : HHH000001: Hibernate ORM core version 7.2.1.Final
2026-03-14T22:04:40.207+01:00  INFO 185110 --- [SurveyApp] [    Test worker] o.s.o.j.p.SpringPersistenceUnitInfo      : No LoadTimeWeaver setup: ignoring JPA class transformer
2026-03-14T22:04:40.249+01:00  INFO 185110 --- [SurveyApp] [    Test worker] com.zaxxer.hikari.HikariDataSource       : HikariPool-1 - Starting...
2026-03-14T22:04:40.356+01:00  INFO 185110 --- [SurveyApp] [    Test worker] com.zaxxer.hikari.pool.HikariPool        : HikariPool-1 - Added connection org.mariadb.jdbc.Connection@34652065
2026-03-14T22:04:40.359+01:00  INFO 185110 --- [SurveyApp] [    Test worker] com.zaxxer.hikari.HikariDataSource       : HikariPool-1 - Start completed.
2026-03-14T22:04:40.420+01:00  INFO 185110 --- [SurveyApp] [    Test worker] org.hibernate.orm.connections.pooling    : HHH10001005: Database info:
	Database JDBC URL [jdbc:mariadb://localhost/springCC?user=foo3&password=***]
	Database driver: MariaDB Connector/J
	Database dialect: MariaDBDialect
	Database version: 12.2.2
	Default catalog/schema: springCC/undefined
	Autocommit mode: undefined/unknown
	Isolation level: REPEATABLE_READ [default REPEATABLE_READ]
	JDBC fetch size: none
	Pool: DataSourceConnectionProvider
	Minimum pool size: undefined/unknown
	Maximum pool size: undefined/unknown
2026-03-14T22:04:41.148+01:00  INFO 185110 --- [SurveyApp] [    Test worker] org.hibernate.orm.core                   : HHH000182: No default (no-argument) constructor for class [com.SurveyApp.transactionsManager.commum.model.AppTransaction] (class must be instantiated by Interceptor)
2026-03-14T22:04:41.161+01:00  INFO 185110 --- [SurveyApp] [    Test worker] org.hibernate.orm.core                   : HHH000182: No default (no-argument) constructor for class [com.SurveyApp.userProfile.model.Account] (class must be instantiated by Interceptor)
2026-03-14T22:04:41.171+01:00  INFO 185110 --- [SurveyApp] [    Test worker] org.hibernate.orm.core                   : HHH000182: No default (no-argument) constructor for class [com.SurveyApp.userProfile.model.User] (class must be instantiated by Interceptor)
2026-03-14T22:04:41.308+01:00  INFO 185110 --- [SurveyApp] [    Test worker] org.hibernate.orm.core                   : HHH000489: No JTA platform available (set 'hibernate.transaction.jta.platform' to enable JTA platform integration)
2026-03-14T22:04:41.348+01:00  INFO 185110 --- [SurveyApp] [    Test worker] j.LocalContainerEntityManagerFactoryBean : Initialized JPA EntityManagerFactory for persistence unit 'default'
2026-03-14T22:04:41.465+01:00  INFO 185110 --- [SurveyApp] [    Test worker] o.s.d.j.r.query.QueryEnhancerFactories   : Hibernate is in classpath; If applicable, HQL parser will be used.
2026-03-14T22:04:41.751+01:00  WARN 185110 --- [SurveyApp] [    Test worker] JpaBaseConfiguration$JpaWebConfiguration : spring.jpa.open-in-view is enabled by default. Therefore, database queries may be performed during view rendering. Explicitly configure spring.jpa.open-in-view to disable this warning
2026-03-14T22:04:42.194+01:00  INFO 185110 --- [SurveyApp] [    Test worker] c.SurveyApp.SurveyAppApplicationTests    : Started SurveyAppApplicationTests in 3.596 seconds (process running for 4.785)
]]></system-out>
  <system-err><![CDATA[]]></system-err>
</testsuite>
